:: Synchronizing package databases...
 testing is up to date
 core is up to date
 extra is up to date
 community-testing is up to date
 community is up to date
 multilib-testing is up to date
 multilib is up to date
:: Starting full system upgrade...
 there is nothing to do
[1m[33m ->[0m[0m Avoid running yay as root/sudo.
:: Synchronizing package databases...
 testing is up to date
 core is up to date
 extra is up to date
 community-testing is up to date
 community is up to date
 multilib-testing is up to date
 multilib is up to date
:: Starting full system upgrade...
 there is nothing to do
:: [1mSearching databases for updates...[0m
:: [1mSearching AUR for updates...[0m
 there is nothing to do
